11:16:28:692 [ALWAYS]	GUDE Logging Started
11:16:28:692 [INFO]	SqliteResumeCache::SqliteResumeCache basedirectory is null/empty
11:16:28:692 [ERROR]	SqliteResumeCache::CreateSqliteResumeCache creating resume cache pointer failure
11:16:28:692 [ERROR]	Initialize resume cache pointer failure
11:16:28:692 [INFO]	gude policy POLICY_USER limit (2,2,1) chunk 2097152, chunking (UL 0 DL 1), resXfer 1, adapt 0, NSURL 0, timeout 86400 
11:16:28:692 [INFO]	Initialized -- gude-lib version: v0.12.1 app: gude
11:16:37:662 [WARN]	Ignoring attempt to reinit logging to \gude at level 4 retaining 3 days of logs
11:16:37:662 [INFO]	SqliteResumeCache::SqliteResumeCache basedirectory is null/empty
11:16:37:662 [ERROR]	SqliteResumeCache::CreateSqliteResumeCache creating resume cache pointer failure
11:16:37:662 [ERROR]	Initialize resume cache pointer failure
11:16:37:662 [INFO]	gude policy POLICY_USER limit (4,4,1) chunk 2097152, chunking (UL 0 DL 1), resXfer 1, adapt 0, NSURL 1, timeout 86400 
11:16:37:662 [INFO]	Initialized -- gude-lib version: v0.12.1 app: gude
13:52:56:870 [ALWAYS]	GUDE Logging Started
13:52:56:870 [INFO]	SqliteResumeCache::SqliteResumeCache basedirectory is null/empty
13:52:56:870 [ERROR]	SqliteResumeCache::CreateSqliteResumeCache creating resume cache pointer failure
13:52:56:870 [ERROR]	Initialize resume cache pointer failure
13:52:56:871 [INFO]	gude policy POLICY_USER limit (2,2,1) chunk 2097152, chunking (UL 0 DL 1), resXfer 1, adapt 0, NSURL 0, timeout 86400 
13:52:56:871 [INFO]	Initialized -- gude-lib version: v0.12.1 app: gude
13:53:08:437 [WARN]	Ignoring attempt to reinit logging to \gude at level 4 retaining 3 days of logs
13:53:08:437 [INFO]	SqliteResumeCache::SqliteResumeCache basedirectory is null/empty
13:53:08:437 [ERROR]	SqliteResumeCache::CreateSqliteResumeCache creating resume cache pointer failure
13:53:08:437 [ERROR]	Initialize resume cache pointer failure
13:53:08:437 [INFO]	gude policy POLICY_USER limit (4,4,1) chunk 2097152, chunking (UL 0 DL 1), resXfer 1, adapt 0, NSURL 1, timeout 86400 
13:53:08:437 [INFO]	Initialized -- gude-lib version: v0.12.1 app: gude
14:19:54:361 [ALWAYS]	GUDE Logging Started
14:19:54:361 [INFO]	SqliteResumeCache::SqliteResumeCache basedirectory is null/empty
14:19:54:361 [ERROR]	SqliteResumeCache::CreateSqliteResumeCache creating resume cache pointer failure
14:19:54:361 [ERROR]	Initialize resume cache pointer failure
14:19:54:361 [INFO]	gude policy POLICY_USER limit (2,2,1) chunk 2097152, chunking (UL 0 DL 1), resXfer 1, adapt 0, NSURL 0, timeout 86400 
14:19:54:362 [INFO]	Initialized -- gude-lib version: v0.12.1 app: gude
14:20:01:773 [WARN]	Ignoring attempt to reinit logging to \gude at level 4 retaining 3 days of logs
14:20:01:773 [INFO]	SqliteResumeCache::SqliteResumeCache basedirectory is null/empty
14:20:01:773 [ERROR]	SqliteResumeCache::CreateSqliteResumeCache creating resume cache pointer failure
14:20:01:773 [ERROR]	Initialize resume cache pointer failure
14:20:01:773 [INFO]	gude policy POLICY_USER limit (4,4,1) chunk 2097152, chunking (UL 0 DL 1), resXfer 1, adapt 0, NSURL 1, timeout 86400 
14:20:01:773 [INFO]	Initialized -- gude-lib version: v0.12.1 app: gude
